   1.58167541    
   1.30081308    
   1.00830400    
   2.60134268    
   2.14231896    
   1.22385991    
   2.43544769    
   2.41569996    
   1.21656430    
   1.34261405    
  0.906672597    
  0.976784527    
   1.22943306    
   3.03904057    
   1.65934205    
   2.43732858    
  0.388827056    
   2.57236457    
   1.87576699    
  0.936740041    
   1.34333038    
   1.99488115    
   2.60304403    
   2.09701657    
   2.20203042    
   2.01391292    
   1.48326945    
   1.81932342    
  0.705787838    
   1.52462494    
   1.22898912    
  0.547405005    
   2.09266472    
  0.990746200    
   1.64394486    
   2.14433384    
   2.15901303    
   2.25828218    
   2.16953182    
   1.87734711    
   1.77455699    
  0.989883959    
   2.63982487    
   1.26632750    
  0.777564585    
   2.09040403    
   2.17435122    
   2.29275322    
   1.57180297    
  0.685720325    
   1.25032544    
   1.71855974    
   1.98581338    
   1.06502593    
   2.20913339    
   1.14927268    
  0.564924479    
   1.58219445    
   1.74091828    
  0.732345641    
   2.28414726    
   1.85298681    
  0.904270589    
   1.13064337    
  0.784358382    
   2.12404990    
   1.08668673    
   2.37924218    
   2.17160225    
   2.56457186    
  0.652777076    
   2.10123086    
   1.55844259    
   1.78268921    
   2.69216824    
   1.90850556    
  0.992085457    
   2.07030845    
   1.31884134    
   1.74980652    
   1.84151900    
   1.56933331    
   1.50359118    
   1.45730650    
   2.27843070    
   1.32276905    
   1.48060250    
   2.36307049    
   2.20891094    
  0.468682677    
   2.35144567    
   2.47306657    
   1.97089291    
   1.76142657    
   1.86484957    
   2.69773078    
  0.986129940    
   1.02277768    
   1.80052590    
   1.27618277    
   1.91235769    
   1.94237745    
   1.07544076    
   1.60959375    
   2.10387063    
  0.675514638    
   1.59167933    
   1.62575293    
  0.696630657    
   1.42962706    
   2.28276992    
   2.90791774    
  0.166571796    
   1.69436240    
   2.63365817    
   2.14781404    
   2.35514450    
   2.51208329    
   2.30585146    
   1.04148865    
   1.91979575    
   2.27944541    
   1.61949539    
   2.30625606    
   1.31056964    
   1.00020266    
   2.57418370    
   1.75224149    
   1.79774284    
   2.00970888    
   1.20331419    
   2.40506101    
   1.70047951    
  0.516189456    
  0.825877190    
   1.60689652    
   1.75968647    
  0.778757751    
   2.53201342    
   2.86849284    
   1.19268799    
  0.848552763    
  0.537133098    
   2.92797446    
   2.65861034    
   1.07459307    
   2.63828921    
  0.991292536    
   1.32169533    
  0.562622488    
   2.60579848    
   1.93825388    
  0.900832355    
   2.61287045    
   2.65679526    
  0.832783163    
  0.677097142    
   2.30976272    
   1.70089650    
   1.19348705    
  0.918033063    
   2.95721793    
   2.23903227    
   1.54843032    
   2.02871871    
   1.63729155    
  0.833731532    
   2.05604339    
  0.947665393    
   2.84929061    
   1.69874346    
  0.971035302    
   2.15329313    
  0.908607185    
   2.84725738    
   1.21567118    
   2.69874477    
   2.28547072    
   1.49277830    
   1.51560521    
   1.52869284    
  0.897997260    
  0.904147387    
   1.37832475    
   1.99422526    
   2.07936621    
  0.133053258    
  0.622175634    
  0.565123260    
   1.36149681    
   2.60737085    
  0.939626276    
   1.21549475    
  0.793577492    
   1.93791819    
   2.37959480    
   1.58984256    
   1.13689971    
   1.51016617    
   2.77363324    
  0.942677438    
   2.21872020    
  0.851437330    
  0.494123876    
   2.68762946    
   2.05714941    
  0.409473956    
   1.37345898    
   1.27310956    
   1.15666962    
   1.62564850    
  0.764020383    
   1.08630323    
   1.26109636    
  0.289815366    
   1.94157040    
   1.17401290    
   2.79643083    
   2.36075830    
   1.78839338    
   2.36992383    
   2.78875279    
   2.74037790    
   2.52736330    
   1.97904873    
   1.95747650    
   2.07362771    
   1.28537142    
   2.91570425    
   1.34152532    
   1.84836793    
   1.01383507    
   2.08899593    
   2.59672427    
   2.76886582    
   2.06501722    
  0.538786113    
   2.05710864    
   1.79145801    
  0.686546206    
   3.01457095    
   2.44197202    
   1.23767054    
   1.47806263    
   1.76986694    
   2.67890882    
  0.932284296    
   2.03860950    
   2.15407681    
   1.47287261    
  0.573609471    
   1.62072003    
  0.610265434    
   2.06565142    
  0.752900541    
  0.760440111    
   2.39094281    
   1.41278100    
  0.819031596    
  0.847609758    
   1.85247767    
   1.05835450    
   2.58966255    
  0.342064857    
   1.76493692    
  0.286264777    
   2.89359689    
   1.39451027    
   1.79160130    
   1.53061831    
   1.86201239    
   1.74551260    
   2.20861936    
   1.48874116    
  0.232872814    
  0.837685108    
   1.47183251    
   2.53317189    
   1.42894292    
   1.15621293    
   1.61944020    
  0.572149873    
   2.78918624    
   1.96726930    
   2.99838090    
   1.51194417    
   2.81056881    
  0.415981144    
   1.51452696    
   1.20208287    
   2.05787253    
   1.28180897    
   2.73898458    
   1.59485447    
   1.24659073    
   1.96627879    
   2.64370036    
   1.25323117    
   1.86468017    
   1.17882085    
   2.08964515    
  0.580181658    
   1.54376519    
   1.89352238    
  0.494370133    
   2.72788334    
   2.28316092    
  0.316322893    
   1.87221956    
   1.73229241    
   2.16182542    
   1.56454217    
   1.28336334    
   2.01523757    
   1.30246460    
   1.69494534    
   1.92402554    
   1.51032472    
  0.822524607    
   1.99760509    
   2.77077579    
  0.537500381    
   1.69772017    
  0.962025285    
   1.20042586    
  0.438392758    
  0.981592596    
   2.11594224    
   3.03138542    
   2.42765760    
  0.566860318    
   1.66795373    
   1.55017602    
   1.76018059    
   1.69956768    
   2.20811868    
   1.47126877    
   2.23815417    
   1.95568120    
   1.47520387    
   1.02587903    
   2.64985347    
   1.56478000    
  0.595141232    
   1.07069147    
   2.04073715    
   1.80296087    
   1.21969378    
   1.91932964    
   1.47584689    
   2.23084426    
   1.81543720    
   1.18976092    
   6.53045028E-02
   2.43498445    
   2.53587198    
   1.51678884    
   2.19800329    
   1.14369655    
   1.10011554    
   2.71038890    
   2.18305492    
   1.41496086    
   1.68305540    
   1.50811064    
   1.81851768    
  0.479142159    
   1.25454879    
  0.407302469    
   1.04317737    
   1.16686475    
   2.31565118    
   1.21627903    
   1.87129843    
  0.627109051    
  0.291043818    
   1.29284465    
  0.615758538    
   2.63514757    
   1.49486017    
  0.987963378    
   2.56003189    
   1.92486060    
  0.590487003    
  0.872881770    
  0.110445492    
   1.31180465    
   1.66398096    
   1.41360652    
  0.509000003    
  0.221938536    
   1.59556508    
  0.591410875    
  0.674953580    
   2.53653860    
  0.969059408    
   1.02200794    
   1.53462076    
   2.73389196    
   1.30008101    
  0.618012488    
   1.46613455    
   2.59458923    
   2.21211362    
   2.05521321    
  0.978344500    
  0.733893096    
   1.72990835    
   1.76475561    
   1.21896756    
   2.90309906    
   2.80956316    
   1.60391212    
   2.65563464    
   2.20417690    
  0.292501748    
   2.99426889    
   2.31649137    
   2.24950695    
   2.05296803    
  0.830342948    
   7.75255114E-02
   1.25247955    
   1.45825899    
   2.04249477    
   1.99972606    
   2.89609098    
   2.65026379    
  0.617488742    
   1.02762997    
  0.556481957    
   1.06800473    
  0.776321471    
  0.308778852    
   1.79379857    
  0.845018268    
   2.20600200    
   2.09021664    
   1.29169130    
   1.34020901    
  0.940998614    
   1.87516975    
   1.80294156    
  0.870180190    
  0.958457589    
   2.47518086    
   2.97636247    
  0.509555757    
   2.77883339    
   1.64040792    
   1.75006437    
   2.78254604    
   1.90702081    
  0.763123930    
   2.67673063    
   2.33684278    
   1.49193609    
   2.19935393    
   1.03948843    
  0.278014183    
  0.540007651    
   1.85296094    
   1.83401048    
  0.998660862    
  0.682583451    
   1.24531257    
   1.71092355    
  0.908737302    
  0.217414454    
  0.804691792    
   1.49426198    
  0.830883503    
   1.90383685    
   2.14071202    
  0.756757438    
   1.67814398    
   2.36529112    
   1.09658039    
   1.40553260    
  0.692809701    
  0.934707463    
   2.69517589    
   1.62968802    
   2.40230155    
  0.916619956    
   1.69198155    
   2.39315152    
  0.862922490    
  0.839338183    
   2.12564325    
  0.957672775    
   2.13913298    
   2.29765153    
   1.14649618    
   1.08089721    
   1.61274087    
  0.705975652    
   2.60273242    
   1.34986436    
   1.41998708    
  0.775411844    
   1.78745770    
   2.41998792    
   1.15662563    
  0.711580038    
  0.764143527    
   1.26974010    
  0.735078275    
  0.616330028    
   2.31148386    
   2.01415920    
  0.446585059    
   2.03985453    
   2.10901690    
  0.712747693    
   1.39043295    
   2.57512665    
   2.34923935    
   2.36517525    
   1.87438285    
   2.25362968    
   2.56836200    
   2.36456692E-02
   1.27453589    
   1.84252906    
   1.22983170    
   1.20464158    
   2.10332918    
   2.09171987    
   1.11264658    
   1.52965426    
   1.00395155    
   1.48866105    
   1.44261396    
   1.22552609    
   2.22801518    
   1.10069203    
  0.622282982    
   2.75632262    
   1.73980761    
   2.09665799    
   2.17607021    
  0.405513346    
  0.470324695    
   1.23827803    
   1.86873090    
   2.14312029    
   1.41739953    
   2.36464453    
   1.56779337    
  0.683628619    
   1.33284962    
  0.583376527    
  0.617136955    
   1.18570423    
  0.732150912    
  0.986670911    
   1.46185160    
  0.788764179    
  0.824968278    
   2.18484640    
   1.11539376    
   2.72483850    
   1.41078269    
   1.03296423    
   1.53907776    
  0.967132330    
  0.730480552    
   1.31732082    
   1.54293942    
   1.55955517    
   1.40709937    
   1.76417267    
   1.53603125    
   2.15546417    
   1.71100402    
   2.19479704    
   1.60117340    
   2.14400911    
  0.462999463    
  0.637510419    
   1.42138290    
   1.06639338    
  0.886616349    
   1.23488533    
   1.20201468    
  0.176785499    
   2.05703664    
   1.45231605    
   2.91048169    
   2.10602593    
   2.08670735    
  0.436542332    
  0.587420523    
   1.01674306    
   2.38438582    
   1.53189230    
  0.927008569    
   2.65245867    
   1.89617705    
   2.85393000    
   2.38546896    
   2.38819957    
  0.499445498    
   2.71169400    
  0.535581768    
   2.44219971    
   1.57107711    
   1.22865486    
   2.15119767    
   1.37590623    
   2.11647081    
   1.01728630    
  0.737784445    
  0.670070171    
   1.93092406    
   2.13420200    
   2.25669527    
  0.414522558    
   1.48874509    
  0.968521059    
  0.592996180    
   1.13853896    
   1.16583180    
   1.17419922    
  0.831915081    
   1.80147123    
   1.73588538    
   1.63431728    
   2.14193869    
   2.90652013    
   1.58531153    
  0.905435145    
   1.81369662    
   1.75619328    
   1.76635313    
   1.18155706    
   1.70647407    
   1.01698172    
   2.09369063    
  0.932310283    
   2.03142071    
   2.35037208    
  0.752428114    
  0.819526494    
  0.990032256    
   1.79692602    
  0.831203878    
   1.83315372    
  0.603083074    
   1.37106526    
  0.594066799    
   2.03807449    
  0.486878693    
  0.310570419    
  0.386641145    
   1.67374897    
   1.01850176    
   1.25455070    
   1.39652073    
   1.15621853    
   2.15319443    
   2.93631768    
   1.42178273    
   2.64621592    
   2.35680580    
  0.500417590    
   1.60818326    
   2.16825819    
  0.772358119    
   1.03004801    
  0.990937889    
   1.80518818    
  0.620637059    
   1.88601112    
   1.62400866    
   1.58877242    
  0.926883399    
   1.65420234    
   1.12126994    
   2.16251302    
   1.50710332    
  0.524038672    
   2.01808500    
  0.761389196    
   2.73578668    
   1.37374127    
   1.55287826    
   1.18543041    
   1.84864640    
  0.990818858    
   1.71566737    
   1.66811025    
   2.61713076    
  0.223511711    
   2.71793699    
  0.730814576    
   2.73061299    
   1.74125504    
  0.266887635    
   1.38684320    
   1.25785124    
  0.666936934    
   1.43605113    
   1.41892421    
   1.32774282    
   2.12478518    
  0.631872892    
   2.47226691    
   1.35241461    
   1.05729115    
   2.40987778    
   2.02759099    
  0.933323085    
   1.33342254    
   2.10538650    
   2.60215187    
   1.08952343    
  0.987663627    
   1.31934011    
   1.85250700    
   2.59788942    
   1.24622440    
   1.87610257    
   2.13814282    
   1.11816597    
  0.732202113    
   1.68228447    
   1.40343595    
   1.64902484    
   2.75376415    
  0.453105539    
   1.55207038    
   1.24413705    
   1.48132682    
  0.856228292    
   1.82894874    
   2.17009640    
   2.61362886    
   1.97760844    
   1.89230287    
   2.28948975    
   2.41532660    
   2.16361690    
   2.97778368    
   1.50683475    
   1.61983418    
   2.59827876    
   2.18986845    
  0.991750479    
   1.39046991    
   1.75381982    
  0.570488095    
   2.40549302    
   1.97832084    
   2.27307534    
   2.37195539    
   2.56669044    
   1.72360098    
   2.97638965    
   2.52559114    
   2.15687180    
   1.55212843    
   2.50546718    
  0.571918190    
   1.72648120    
   2.14550662    
   1.95389044    
   2.14046478    
   2.27249050    
   1.65829861    
  0.490368545    
   2.14008379    
   2.47880793    
   1.88352430    
   1.00808442    
   1.72264040    
   1.35606182    
  0.248853773    
   1.79017794    
   2.85669351    
   1.65427101    
   1.92426288    
   2.43862033    
   2.84183502    
   2.29614329    
   1.91269124    
   1.81648123    
   1.08489752    
   1.05692065    
   1.65508175    
   1.18782842    
   2.27863359    
   1.28552389    
   1.89277971    
  0.244278818    
   1.03032935    
   1.16907406    
   2.47069287    
  0.630544901    
   1.72262442    
   2.15000033    
   2.43135071    
   1.58801317    
   2.00672436    
   1.43425345    
   2.04368401    
   2.77727175    
   1.60487962    
   1.69189429    
   1.52797258    
   1.19206560    
   1.92866075    
  0.959778249    
   2.45161390    
  0.874193251    
   1.21097302    
   1.33965111    
  0.531029642    
   1.82178867    
  0.874827206    
   2.21145988    
   1.43656504    
  0.770628452    
   1.50474417    
   1.06040943    
   2.54450393    
  0.312515318    
   2.38950944    
   2.07741809    
  0.357681453    
   1.86794424    
  0.220474824    
   1.72344041    
  0.960297644    
   2.59598494    
   2.17413568    
   1.28329778    
   1.28940988    
   1.03045619    
  0.891725361    
  0.703854263    
   2.13091063    
  0.985513926    
  0.599733293    
   1.27050304    
  0.503779411    
   2.51729393    
   1.77817404    
   2.59351420    
  0.828976989    
   1.09214938    
   1.22857332    
  0.267950058    
  0.727018654    
  0.233936101    
   2.40358806    
   1.65948987    
   1.66626990    
   1.64314735    
   1.53948164    
  0.646070898    
   1.08037400    
   1.44890678    
   1.00937796    
   1.32085383    
   2.32660508    
   2.73758388    
   2.24076629    
   2.46456122    
   1.31189287    
  0.719850719    
   1.26654100    
   1.72866774    
   3.00299644    
   2.39846110    
   1.72347319    
   2.67072725    
  0.888390303    
   1.10601568    
   1.64508009    
  0.718652010    
  0.607439935    
   2.23251033    
   1.34232914    
   1.74380386    
   1.16731417    
   2.87316728    
   1.60669553    
   1.09460938    
   1.75775874    
   1.68445015    
   1.08749914    
  0.687041044    
  0.726334155    
   1.19379759    
   1.85847998    
   1.52496552    
   1.76651609    
  0.643262506    
  0.757780313    
   1.51997411    
   2.60473084    
   2.69657969    
   1.61873066    
   1.63593304    
   2.12037659    
   1.57362330    
   2.31273079    
   2.44321012    
   1.58705664    
   1.56110263    
   1.77238119    
   2.97652149    
   2.60371375    
   1.13159084    
   1.82586896    
   2.67314792    
   1.90669405    
  0.870144308    
   1.58531451    
   2.88245916    
   1.48983300    
  0.854259431    
   1.30489326    
   2.00394487    
   1.32734060    
   1.79269099    
   1.42691541    
  0.767341375    
   2.64857626    
  0.552722156    
  0.802884877    
   1.55811298    
  0.743655682    
   2.66400409    
   2.57079792    
   2.08781099    
  0.890997350    
   1.60601509    
   1.51793039    
   1.78734446    
   1.91518295    
   1.23382747    
   1.80010569    
   2.05933547    
   1.95101929    
   1.73689497    
   1.25937021    
  0.494609535    
   1.62211454    
   1.10900617    
   2.19292879    
   1.02394736    
   1.11690664    
   1.83678925    
  0.919026256    
  0.730597198    
   1.47377634    
   1.82877731    
   1.05037630    
  0.944997430    
   2.65680575    
  0.587319434    
   2.03999805    
   2.33535933    
   1.95980477    
   2.00799704    
   1.50893831    
   2.00923228    
   1.83590865    
   2.01917005    
   2.13412905    
   1.36583197    
  0.469699025    
   1.26640773    
   1.47877252    
  0.459643066    
   2.20730996    
   2.00595737    
  0.700406313    
  0.906952739    
   2.09044647    
   2.69969559    
   1.40839219    
   2.95456433    
   2.47348309    
   1.79726803    
   1.54407561    
   1.99377739    
   1.02388358    
   2.52044964    
   2.18204737    
   2.93848825    
   1.54100537    
   2.18283486    
   1.82021916    
   1.91207790    
   1.09717357    
   1.54681265    
   2.75381780    
